<?xml version="1.0" encoding="UTF-8"?>
<robot generator="Robot 7.1.1 (Python 3.13.0 on win32)" generated="2024-10-30T13:27:00.072952" rpa="false" schemaversion="5">
<suite id="s1" name="Data-Filter" source="D:\automated\test_data-list-filter\data-filter.robot">
<test id="s1-t1" name="TC-001 Verify Filter with Keyword &quot;Founder&quot;" line="9">
<kw name="Open Browser" owner="SeleniumLibrary">
<msg time="2024-10-30T13:27:00.306830" level="INFO">Opening browser 'Chrome' to base url 'https://www.lambdatest.com/selenium-playground/data-list-filter-demo'.</msg>
<arg>${URL}</arg>
<arg>${BROWSER}</arg>
<doc>Opens a new browser instance to the optional ``url``.</doc>
<status status="PASS" start="2024-10-30T13:27:00.306504" elapsed="2.848144"/>
</kw>
<kw name="Maximize Browser Window" owner="SeleniumLibrary">
<doc>Maximizes current browser window.</doc>
<status status="PASS" start="2024-10-30T13:27:03.155210" elapsed="0.043437"/>
</kw>
<kw name="Input Text" owner="SeleniumLibrary">
<msg time="2024-10-30T13:27:03.200947" level="INFO">Typing text 'Founder' into text field 'id=input-search'.</msg>
<arg>id=input-search</arg>
<arg>Founder</arg>
<doc>Types the given ``text`` into the text field identified by ``locator``.</doc>
<status status="PASS" start="2024-10-30T13:27:03.200021" elapsed="0.182516"/>
</kw>
<kw name="Sleep" owner="BuiltIn">
<msg time="2024-10-30T13:27:13.383615" level="INFO">Slept 10 seconds.</msg>
<arg>10</arg>
<doc>Pauses the test executed for the given time.</doc>
<status status="PASS" start="2024-10-30T13:27:03.382958" elapsed="10.001031"/>
</kw>
<kw name="Get WebElements" owner="SeleniumLibrary">
<msg time="2024-10-30T13:27:13.439238" level="INFO">${founder_results} = [&lt;selenium.webdriver.remote.webelement.WebElement (session="48c2b078cb2753a3390c2b3e3922bce1", element="f.8D5C41ED7B7FBE515AA814B372341863.d.F4C398F17AFCAE6B5647691E26C2419A.e.53")&gt;]</msg>
<var>${founder_results}</var>
<arg>xpath=//*[contains(text(),'Founder')]</arg>
<doc>Returns a list of WebElement objects matching the ``locator``.</doc>
<status status="PASS" start="2024-10-30T13:27:13.385161" elapsed="0.054276"/>
</kw>
<kw name="Length Should Be" owner="BuiltIn">
<msg time="2024-10-30T13:27:13.441576" level="INFO">Length is 1.</msg>
<arg>${founder_results}</arg>
<arg>1</arg>
<doc>Verifies that the length of the given item is correct.</doc>
<status status="PASS" start="2024-10-30T13:27:13.440762" elapsed="0.000951"/>
</kw>
<kw name="Get Text" owner="SeleniumLibrary">
<msg time="2024-10-30T13:27:13.484730" level="INFO">${element_text} = Company Name: Oakes Ltd
Name: Jonathan Oakes
Title: Founder</msg>
<var>${element_text}</var>
<arg>xpath=//*[@id="__next"]/section[3]/div/div/div/div/div</arg>
<doc>Returns the text value of the element identified by ``locator``.</doc>
<status status="PASS" start="2024-10-30T13:27:13.442251" elapsed="0.042546"/>
</kw>
<kw name="Should Contain" owner="BuiltIn">
<arg>${element_text}</arg>
<arg>Jonathan Oakes</arg>
<doc>Fails if ``container`` does not contain ``item`` one or more times.</doc>
<status status="PASS" start="2024-10-30T13:27:13.485254" elapsed="0.000282"/>
</kw>
<kw name="Close Browser" owner="SeleniumLibrary">
<doc>Closes the current browser.</doc>
<status status="PASS" start="2024-10-30T13:27:13.485879" elapsed="2.219988"/>
</kw>
<doc>ตรวจสอบการกรองข้อมูลเมื่อใช้คำว่า "Founder"</doc>
<status status="PASS" start="2024-10-30T13:27:00.304844" elapsed="15.403239"/>
</test>
<status status="PASS" start="2024-10-30T13:27:00.074627" elapsed="15.637407"/>
</suite>
<statistics>
<total>
<stat pass="1" fail="0" skip="0">All Tests</stat>
</total>
<tag>
</tag>
<suite>
<stat pass="1" fail="0" skip="0" id="s1" name="Data-Filter">Data-Filter</stat>
</suite>
</statistics>
<errors>
</errors>
</robot>
